#
# A fatal error has been detected by the Java Runtime Environment:
#
#  EXCEPTION_ACCESS_VIOLATION (0xc0000005) at pc=0x77a4a05b, pid=7532, tid=6416
#
# JRE version: 6.0_21-b07
# Java VM: Java HotSpot(TM) Client VM (17.0-b17 mixed mode, sharing windows-x86 )
# Problematic frame:
# C  [msvcrt.dll+0xa05b]
#
# If you would like to submit a bug report, please visit:
#   http://java.sun.com/webapps/bugreport/crash.jsp
# The crash happened outside the Java Virtual Machine in native code.
# See problematic frame for where to report the bug.
#

---------------  T H R E A D  ---------------

Current thread (0x01b69000):  JavaThread "main" [_thread_in_native, id=6416, stack(0x00360000,0x003b0000)]

siginfo: ExceptionCode=0xc0000005, writing address 0x015bb1f0

Registers:
EAX=0x015bb1f0, EBX=0x03f52b40, ECX=0x0000000b, EDX=0x00000000
ESP=0x003afaa0, EBP=0x003afaa8, ESI=0x03f52b40, EDI=0x015bb1f0
EIP=0x77a4a05b, EFLAGS=0x00010202

Top of Stack: (sp=0x003afaa0)
0x003afaa0:   00000580 00000000 003afad8 77a4a00b
0x003afab0:   015bb1f0 03f52b40 00000580 6d907f39
0x003afac0:   0000004d 00000006 03f52b40 000005cd
0x003afad0:   01b69118 03f52b40 003afb08 66c44fab
0x003afae0:   015bb1f0 03f52b40 000005cd 00000008
0x003afaf0:   00000000 0000000e 013a0000 33a16108
0x003afb00:   33a16100 01b69000 003afb50 01b79f47
0x003afb10:   01b69118 003afb58 015bb1f0 003afb68 

Instructions: (pc=0x77a4a05b)
0x77a4a04b:   06 66 0f 6f 4e 10 66 0f 6f 56 20 66 0f 6f 5e 30
0x77a4a05b:   66 0f 7f 07 66 0f 7f 4f 10 66 0f 7f 57 20 66 0f 


Stack: [0x00360000,0x003b0000],  sp=0x003afaa0,  free space=13e003af5bck
Native frames: (J=compiled Java code, j=interpreted, Vv=VM code, C=native code)
C  [msvcrt.dll+0xa05b]
C  [msvcrt.dll+0xa00b]
C  [JNativeCpp.dll+0x4fab]
j  org.xvolks.jnative.JNative.nSetMemory(I[BII)V+0
j  org.xvolks.jnative.JNative.setMemory(I[BII)V+4
j  org.xvolks.jnative.JNative.setMemory(I[B)V+5
j  org.xvolks.jnative.pointers.Pointer.setMemory([B)V+72
j  com.toe.jiakao.FcukValidateCode.getCodeFormFile(Ljava/io/InputStream;)Z+397
j  com.toe.jiakao.FcukValidateCode.main([Ljava/lang/String;)V+5
v  ~StubRoutines::call_stub
V  [jvm.dll+0xf3abc]
V  [jvm.dll+0x1865b1]
V  [jvm.dll+0xf3b3d]
V  [jvm.dll+0xfd385]
V  [jvm.dll+0x104fdd]
C  [javaw.exe+0x2155]
C  [javaw.exe+0x8614]
C  [kernel32.dll+0x51154]
C  [ntdll.dll+0x5b299]
C  [ntdll.dll+0x5b26c]

Java frames: (J=compiled Java code, j=interpreted, Vv=VM code)
j  org.xvolks.jnative.JNative.nSetMemory(I[BII)V+0
j  org.xvolks.jnative.JNative.setMemory(I[BII)V+4
j  org.xvolks.jnative.JNative.setMemory(I[B)V+5
j  org.xvolks.jnative.pointers.Pointer.setMemory([B)V+72
j  com.toe.jiakao.FcukValidateCode.getCodeFormFile(Ljava/io/InputStream;)Z+397
j  com.toe.jiakao.FcukValidateCode.main([Ljava/lang/String;)V+5
v  ~StubRoutines::call_stub

---------------  P R O C E S S  ---------------

Java Threads: ( => current thread )
  0x01a2ac00 JavaThread "Low Memory Detector" daemon [_thread_blocked, id=7928, stack(0x03db0000,0x03e00000)]
  0x01a0f000 JavaThread "CompilerThread0" daemon [_thread_blocked, id=7520, stack(0x03d60000,0x03db0000)]
  0x01a0c000 JavaThread "Attach Listener" daemon [_thread_blocked, id=7268, stack(0x03d10000,0x03d60000)]
  0x01a08400 JavaThread "Signal Dispatcher" daemon [_thread_blocked, id=7212, stack(0x03cc0000,0x03d10000)]
  0x019c5400 JavaThread "Finalizer" daemon [_thread_blocked, id=6288, stack(0x03c70000,0x03cc0000)]
  0x019c0800 JavaThread "Reference Handler" daemon [_thread_blocked, id=3796, stack(0x03c20000,0x03c70000)]
=>0x01b69000 JavaThread "main" [_thread_in_native, id=6416, stack(0x00360000,0x003b0000)]

Other Threads:
  0x019bf400 VMThread [stack: 0x03bd0000,0x03c20000] [id=6520]
  0x01a34400 WatcherThread [stack: 0x03e00000,0x03e50000] [id=6924]

VM state:not at safepoint (normal execution)

VM Mutex/Monitor currently owned by a thread: None

Heap
 def new generation   total 4928K, used 488K [0x237e0000, 0x23d30000, 0x28d30000)
  eden space 4416K,   9% used [0x237e0000, 0x23848410, 0x23c30000)
  from space 512K,  13% used [0x23c30000, 0x23c41d08, 0x23cb0000)
  to   space 512K,   0% used [0x23cb0000, 0x23cb0000, 0x23d30000)
 tenured generation   total 10944K, used 770K [0x28d30000, 0x297e0000, 0x337e0000)
   the space 10944K,   7% used [0x28d30000, 0x28df0a98, 0x28df0c00, 0x297e0000)
 compacting perm gen  total 12288K, used 2439K [0x337e0000, 0x343e0000, 0x377e0000)
   the space 12288K,  19% used [0x337e0000, 0x33a41c58, 0x33a41e00, 0x343e0000)
    ro space 10240K,  51% used [0x377e0000, 0x37d0b700, 0x37d0b800, 0x381e0000)
    rw space 12288K,  54% used [0x381e0000, 0x388776c0, 0x38877800, 0x38de0000)

Dynamic libraries:
0x00400000 - 0x00424000 	D:\javaLD\jre6\bin\javaw.exe
0x77ca0000 - 0x77ddc000 	C:\Windows\SYSTEM32\ntdll.dll
0x762f0000 - 0x763c4000 	C:\Windows\system32\kernel32.dll
0x760e0000 - 0x7612b000 	C:\Windows\system32\KERNELBASE.dll
0x76420000 - 0x764c0000 	C:\Windows\system32\ADVAPI32.dll
0x77a40000 - 0x77aec000 	C:\Windows\system32\msvcrt.dll
0x77e00000 - 0x77e19000 	C:\Windows\SYSTEM32\sechost.dll
0x76240000 - 0x762e1000 	C:\Windows\system32\RPCRT4.dll
0x77580000 - 0x77649000 	C:\Windows\system32\USER32.dll
0x763d0000 - 0x7641e000 	C:\Windows\system32\GDI32.dll
0x76190000 - 0x7619a000 	C:\Windows\system32\LPK.dll
0x761a0000 - 0x7623d000 	C:\Windows\system32\USP10.dll
0x77e30000 - 0x77e4f000 	C:\Windows\system32\IMM32.DLL
0x774b0000 - 0x7757c000 	C:\Windows\system32\MSCTF.dll
0x7c340000 - 0x7c396000 	D:\javaLD\jre6\bin\msvcr71.dll
0x6d800000 - 0x6daa7000 	D:\javaLD\jre6\bin\client\jvm.dll
0x71980000 - 0x719b2000 	C:\Windows\system32\WINMM.dll
0x75d60000 - 0x75dab000 	C:\Windows\system32\apphelp.dll
0x6d7b0000 - 0x6d7bc000 	D:\javaLD\jre6\bin\verify.dll
0x6d330000 - 0x6d34f000 	D:\javaLD\jre6\bin\java.dll
0x6d290000 - 0x6d298000 	D:\javaLD\jre6\bin\hpi.dll
0x77e20000 - 0x77e25000 	C:\Windows\system32\PSAPI.DLL
0x6d7f0000 - 0x6d7ff000 	D:\javaLD\jre6\bin\zip.dll
0x758e0000 - 0x758f6000 	C:\Windows\system32\CRYPTSP.dll
0x75680000 - 0x756bb000 	C:\Windows\system32\rsaenh.dll
0x75490000 - 0x754a7000 	C:\Windows\system32\USERENV.dll
0x75e30000 - 0x75e3b000 	C:\Windows\system32\profapi.dll
0x75db0000 - 0x75dbc000 	C:\Windows\system32\CRYPTBASE.dll
0x6d610000 - 0x6d623000 	D:\javaLD\jre6\bin\net.dll
0x77650000 - 0x77685000 	C:\Windows\system32\WS2_32.dll
0x77de0000 - 0x77de6000 	C:\Windows\system32\NSI.dll
0x758a0000 - 0x758dc000 	C:\Windows\system32\mswsock.dll
0x75890000 - 0x75896000 	C:\Windows\System32\wship6.dll
0x75020000 - 0x75030000 	C:\Windows\system32\NLAapi.dll
0x75760000 - 0x757a4000 	C:\Windows\system32\DNSAPI.dll
0x738c0000 - 0x738c8000 	C:\Windows\System32\winrnr.dll
0x738b0000 - 0x738c0000 	C:\Windows\system32\napinsp.dll
0x73890000 - 0x738a2000 	C:\Windows\system32\pnrpnsp.dll
0x04100000 - 0x04117000 	C:\Program Files\Common Files\Thunder Network\NetMon\net_monitor2.0.2.7.dll
0x764c0000 - 0x77109000 	C:\Windows\system32\SHELL32.dll
0x77990000 - 0x779e7000 	C:\Windows\system32\SHLWAPI.dll
0x77690000 - 0x777ec000 	C:\Windows\system32\ole32.dll
0x7c3a0000 - 0x7c41b000 	C:\Windows\system32\MSVCP71.dll
0x75420000 - 0x75429000 	C:\Windows\system32\VERSION.dll
0x10000000 - 0x10035000 	D:\∑…ÀŸTudou\fsapm.dll
0x74ff0000 - 0x74ff5000 	C:\Windows\System32\wshtcpip.dll
0x75110000 - 0x7512c000 	C:\Windows\system32\IPHLPAPI.DLL
0x75100000 - 0x75107000 	C:\Windows\system32\WINNSI.DLL
0x73640000 - 0x73646000 	C:\Windows\system32\rasadhlp.dll
0x734e0000 - 0x73518000 	C:\Windows\System32\fwpuclnt.dll
0x04180000 - 0x0418c000 	D:\javaLD\workspace_IBM\HttpClient1\bin\Pic.dll
0x04250000 - 0x042b9000 	D:\javaLD\workspace_IBM\HttpClient1\bin\ys.dll
0x746e0000 - 0x74870000 	C:\Windows\WinSxS\x86_microsoft.windows.gdiplus_6595b64144ccf1df_1.1.7600.17007_none_72f44f3186198a88\gdiplus.dll
0x77110000 - 0x7719f000 	C:\Windows\system32\OLEAUT32.dll
0x72bc0000 - 0x72c5f000 	C:\ProgramData\Tencent\TSVulFw\TSVulFW.DAT
0x66c40000 - 0x66c61000 	D:\javaLD\workspace_IBM\HttpClient1\JNativeCpp.dll

VM Arguments:
jvm_args: -Dfile.encoding=UTF-8 
java_command: com.toe.jiakao.FcukValidateCode
Launcher Type: SUN_STANDARD

Environment Variables:
JAVA_HOME=D:\javaLD\jdk1.6.0_21
CLASSPATH=.;D:\javaLD\jdk1.6.0_21\lib;D:\javaLD\jdk1.6.0_21\lib\tools.jar
PATH=D:/JavaLD/jre6/bin/client;D:/JavaLD/jre6/bin;C:\Program Files\PC Connectivity Solution\;C:\Program Files\NVIDIA Corporation\PhysX\Common;C:\Windows\system32;C:\Windows;C:\Windows\System32\Wbem;C:\Windows\System32\WindowsPowerShell\v1.0\;D:\javaLD\jdk1.6.0_21\bin;D:\javaLD\jdk1.6.0_21\jre\bin;D:\AutoLyric;C:\Program Files\Common Files\Acronis\SnapAPI\;D:\javaLD\apache-ant-1.9.2\bin;C:\Users\LD\AppData\Local\Temp\Rar$EXa0.688\UltraEdit\
USERNAME=LD
OS=Windows_NT
PROCESSOR_IDENTIFIER=x86 Family 6 Model 15 Stepping 13, GenuineIntel



---------------  S Y S T E M  ---------------

OS: Windows 7 Build 7600 

CPU:total 2 (2 cores per cpu, 1 threads per core) family 6 model 15 stepping 13, cmov, cx8, fxsr, mmx, sse, sse2, sse3, ssse3

Memory: 4k page, physical 2096440k(410748k free), swap 4192880k(1809680k free)

vm_info: Java HotSpot(TM) Client VM (17.0-b17) for windows-x86 JRE (1.6.0_21-b07), built on Jul 17 2010 01:10:15 by "java_re" with MS VC++ 7.1 (VS2003)

time: Sun Nov 03 11:31:13 2013
elapsed time: 0 seconds

