#
# A fatal error has been detected by the Java Runtime Environment:
#
#  EXCEPTION_ACCESS_VIOLATION (0xc0000005) at pc=0x77a4abe9, pid=7360, tid=6324
#
# JRE version: 6.0_21-b07
# Java VM: Java HotSpot(TM) Client VM (17.0-b17 mixed mode, sharing windows-x86 )
# Problematic frame:
# C  [msvcrt.dll+0xabe9]
#
# If you would like to submit a bug report, please visit:
#   http://java.sun.com/webapps/bugreport/crash.jsp
# The crash happened outside the Java Virtual Machine in native code.
# See problematic frame for where to report the bug.
#

---------------  T H R E A D  ---------------

Current thread (0x01b19000):  JavaThread "main" [_thread_in_native, id=6324, stack(0x003a0000,0x003f0000)]

siginfo: ExceptionCode=0xc0000005, writing address 0x015b9e68

Registers:
EAX=0x015b9e68, EBX=0x03f69378, ECX=0x00000008, EDX=0x00000008
ESP=0x003efabc, EBP=0x003efad8, ESI=0x03f69378, EDI=0x015b9e68
EIP=0x77a4abe9, EFLAGS=0x00010203

Top of Stack: (sp=0x003efabc)
0x003efabc:   00000008 01b19000 00000006 03f69378
0x003efacc:   000005cd 01b19118 03f69378 003efb08
0x003efadc:   66c44fab 015b9e68 03f69378 000005cd
0x003efaec:   00000008 00000000 0000000e 013e0000
0x003efafc:   33a160f8 33a160f0 01b19000 003efb50
0x003efb0c:   01b29f47 01b19118 003efb58 015b9e68
0x003efb1c:   003efb68 00000000 000005cd 00000006
0x003efb2c:   00000008 003efb30 00000000 003efb6c 

Instructions: (pc=0x77a4abe9)
0x77a4abd9:   d9 83 c1 10 89 4d e4 8b 75 0c 8b 7d 08 8b 4d e4
0x77a4abe9:   f3 a4 8b 4d 08 03 4d e4 8b 55 0c 03 55 e4 8b 45 


Stack: [0x003a0000,0x003f0000],  sp=0x003efabc,  free space=13e003ef5d8k
Native frames: (J=compiled Java code, j=interpreted, Vv=VM code, C=native code)
C  [msvcrt.dll+0xabe9]
C  [JNativeCpp.dll+0x4fab]
j  org.xvolks.jnative.JNative.nSetMemory(I[BII)V+0
j  org.xvolks.jnative.JNative.setMemory(I[BII)V+4
j  org.xvolks.jnative.JNative.setMemory(I[B)V+5
j  org.xvolks.jnative.pointers.Pointer.setMemory([B)V+72
j  com.toe.jiakao.FcukValidateCode.getCodeFormFile(Ljava/io/InputStream;)Z+393
j  com.toe.jiakao.FcukValidateCode.main([Ljava/lang/String;)V+5
v  ~StubRoutines::call_stub
V  [jvm.dll+0xf3abc]
V  [jvm.dll+0x1865b1]
V  [jvm.dll+0xf3b3d]
V  [jvm.dll+0xfd385]
V  [jvm.dll+0x104fdd]
C  [javaw.exe+0x2155]
C  [javaw.exe+0x8614]
C  [kernel32.dll+0x51154]
C  [ntdll.dll+0x5b299]
C  [ntdll.dll+0x5b26c]

Java frames: (J=compiled Java code, j=interpreted, Vv=VM code)
j  org.xvolks.jnative.JNative.nSetMemory(I[BII)V+0
j  org.xvolks.jnative.JNative.setMemory(I[BII)V+4
j  org.xvolks.jnative.JNative.setMemory(I[B)V+5
j  org.xvolks.jnative.pointers.Pointer.setMemory([B)V+72
j  com.toe.jiakao.FcukValidateCode.getCodeFormFile(Ljava/io/InputStream;)Z+393
j  com.toe.jiakao.FcukValidateCode.main([Ljava/lang/String;)V+5
v  ~StubRoutines::call_stub

---------------  P R O C E S S  ---------------

Java Threads: ( => current thread )
  0x01a4ac00 JavaThread "Low Memory Detector" daemon [_thread_blocked, id=6840, stack(0x03de0000,0x03e30000)]
  0x01a2f000 JavaThread "CompilerThread0" daemon [_thread_blocked, id=7692, stack(0x03d90000,0x03de0000)]
  0x01a2c000 JavaThread "Attach Listener" daemon [_thread_blocked, id=7040, stack(0x03d40000,0x03d90000)]
  0x01a28400 JavaThread "Signal Dispatcher" daemon [_thread_blocked, id=7672, stack(0x03cf0000,0x03d40000)]
  0x019e5400 JavaThread "Finalizer" daemon [_thread_blocked, id=7584, stack(0x03ca0000,0x03cf0000)]
  0x019e0800 JavaThread "Reference Handler" daemon [_thread_blocked, id=6184, stack(0x03c50000,0x03ca0000)]
=>0x01b19000 JavaThread "main" [_thread_in_native, id=6324, stack(0x003a0000,0x003f0000)]

Other Threads:
  0x019df400 VMThread [stack: 0x03c00000,0x03c50000] [id=6664]
  0x01a54400 WatcherThread [stack: 0x03e30000,0x03e80000] [id=7696]

VM state:not at safepoint (normal execution)

VM Mutex/Monitor currently owned by a thread: None

Heap
 def new generation   total 4928K, used 484K [0x237e0000, 0x23d30000, 0x28d30000)
  eden space 4416K,   9% used [0x237e0000, 0x23847628, 0x23c30000)
  from space 512K,  13% used [0x23c30000, 0x23c41d08, 0x23cb0000)
  to   space 512K,   0% used [0x23cb0000, 0x23cb0000, 0x23d30000)
 tenured generation   total 10944K, used 770K [0x28d30000, 0x297e0000, 0x337e0000)
   the space 10944K,   7% used [0x28d30000, 0x28df0a98, 0x28df0c00, 0x297e0000)
 compacting perm gen  total 12288K, used 2439K [0x337e0000, 0x343e0000, 0x377e0000)
   the space 12288K,  19% used [0x337e0000, 0x33a41c48, 0x33a41e00, 0x343e0000)
    ro space 10240K,  51% used [0x377e0000, 0x37d0b700, 0x37d0b800, 0x381e0000)
    rw space 12288K,  54% used [0x381e0000, 0x388776c0, 0x38877800, 0x38de0000)

Dynamic libraries:
0x00400000 - 0x00424000 	D:\javaLD\jre6\bin\javaw.exe
0x77ca0000 - 0x77ddc000 	C:\Windows\SYSTEM32\ntdll.dll
0x762f0000 - 0x763c4000 	C:\Windows\system32\kernel32.dll
0x760e0000 - 0x7612b000 	C:\Windows\system32\KERNELBASE.dll
0x76420000 - 0x764c0000 	C:\Windows\system32\ADVAPI32.dll
0x77a40000 - 0x77aec000 	C:\Windows\system32\msvcrt.dll
0x77e00000 - 0x77e19000 	C:\Windows\SYSTEM32\sechost.dll
0x76240000 - 0x762e1000 	C:\Windows\system32\RPCRT4.dll
0x77580000 - 0x77649000 	C:\Windows\system32\USER32.dll
0x763d0000 - 0x7641e000 	C:\Windows\system32\GDI32.dll
0x76190000 - 0x7619a000 	C:\Windows\system32\LPK.dll
0x761a0000 - 0x7623d000 	C:\Windows\system32\USP10.dll
0x77e30000 - 0x77e4f000 	C:\Windows\system32\IMM32.DLL
0x774b0000 - 0x7757c000 	C:\Windows\system32\MSCTF.dll
0x7c340000 - 0x7c396000 	D:\javaLD\jre6\bin\msvcr71.dll
0x6d800000 - 0x6daa7000 	D:\javaLD\jre6\bin\client\jvm.dll
0x71980000 - 0x719b2000 	C:\Windows\system32\WINMM.dll
0x75d60000 - 0x75dab000 	C:\Windows\system32\apphelp.dll
0x6d7b0000 - 0x6d7bc000 	D:\javaLD\jre6\bin\verify.dll
0x6d330000 - 0x6d34f000 	D:\javaLD\jre6\bin\java.dll
0x6d290000 - 0x6d298000 	D:\javaLD\jre6\bin\hpi.dll
0x77e20000 - 0x77e25000 	C:\Windows\system32\PSAPI.DLL
0x6d7f0000 - 0x6d7ff000 	D:\javaLD\jre6\bin\zip.dll
0x758e0000 - 0x758f6000 	C:\Windows\system32\CRYPTSP.dll
0x75680000 - 0x756bb000 	C:\Windows\system32\rsaenh.dll
0x75490000 - 0x754a7000 	C:\Windows\system32\USERENV.dll
0x75e30000 - 0x75e3b000 	C:\Windows\system32\profapi.dll
0x75db0000 - 0x75dbc000 	C:\Windows\system32\CRYPTBASE.dll
0x6d610000 - 0x6d623000 	D:\javaLD\jre6\bin\net.dll
0x77650000 - 0x77685000 	C:\Windows\system32\WS2_32.dll
0x77de0000 - 0x77de6000 	C:\Windows\system32\NSI.dll
0x758a0000 - 0x758dc000 	C:\Windows\system32\mswsock.dll
0x75890000 - 0x75896000 	C:\Windows\System32\wship6.dll
0x75020000 - 0x75030000 	C:\Windows\system32\NLAapi.dll
0x75760000 - 0x757a4000 	C:\Windows\system32\DNSAPI.dll
0x738c0000 - 0x738c8000 	C:\Windows\System32\winrnr.dll
0x738b0000 - 0x738c0000 	C:\Windows\system32\napinsp.dll
0x73890000 - 0x738a2000 	C:\Windows\system32\pnrpnsp.dll
0x040d0000 - 0x040e7000 	C:\Program Files\Common Files\Thunder Network\NetMon\net_monitor2.0.2.7.dll
0x764c0000 - 0x77109000 	C:\Windows\system32\SHELL32.dll
0x77990000 - 0x779e7000 	C:\Windows\system32\SHLWAPI.dll
0x77690000 - 0x777ec000 	C:\Windows\system32\ole32.dll
0x7c3a0000 - 0x7c41b000 	C:\Windows\system32\MSVCP71.dll
0x75420000 - 0x75429000 	C:\Windows\system32\VERSION.dll
0x10000000 - 0x10035000 	D:\∑…ÀŸTudou\fsapm.dll
0x74ff0000 - 0x74ff5000 	C:\Windows\System32\wshtcpip.dll
0x75110000 - 0x7512c000 	C:\Windows\system32\IPHLPAPI.DLL
0x75100000 - 0x75107000 	C:\Windows\system32\WINNSI.DLL
0x73640000 - 0x73646000 	C:\Windows\system32\rasadhlp.dll
0x734e0000 - 0x73518000 	C:\Windows\System32\fwpuclnt.dll
0x04110000 - 0x0411c000 	D:\javaLD\workspace_IBM\HttpClient1\bin\Pic.dll
0x04340000 - 0x043a9000 	D:\javaLD\workspace_IBM\HttpClient1\bin\ys.dll
0x746e0000 - 0x74870000 	C:\Windows\WinSxS\x86_microsoft.windows.gdiplus_6595b64144ccf1df_1.1.7600.17007_none_72f44f3186198a88\gdiplus.dll
0x77110000 - 0x7719f000 	C:\Windows\system32\OLEAUT32.dll
0x72bc0000 - 0x72c5f000 	C:\ProgramData\Tencent\TSVulFw\TSVulFW.DAT
0x66c40000 - 0x66c61000 	D:\javaLD\workspace_IBM\HttpClient1\JNativeCpp.dll

VM Arguments:
jvm_args: -Dfile.encoding=UTF-8 
java_command: com.toe.jiakao.FcukValidateCode
Launcher Type: SUN_STANDARD

Environment Variables:
JAVA_HOME=D:\javaLD\jdk1.6.0_21
CLASSPATH=.;D:\javaLD\jdk1.6.0_21\lib;D:\javaLD\jdk1.6.0_21\lib\tools.jar
PATH=D:/JavaLD/jre6/bin/client;D:/JavaLD/jre6/bin;C:\Program Files\PC Connectivity Solution\;C:\Program Files\NVIDIA Corporation\PhysX\Common;C:\Windows\system32;C:\Windows;C:\Windows\System32\Wbem;C:\Windows\System32\WindowsPowerShell\v1.0\;D:\javaLD\jdk1.6.0_21\bin;D:\javaLD\jdk1.6.0_21\jre\bin;D:\AutoLyric;C:\Program Files\Common Files\Acronis\SnapAPI\;D:\javaLD\apache-ant-1.9.2\bin;C:\Users\LD\AppData\Local\Temp\Rar$EXa0.688\UltraEdit\
USERNAME=LD
OS=Windows_NT
PROCESSOR_IDENTIFIER=x86 Family 6 Model 15 Stepping 13, GenuineIntel



---------------  S Y S T E M  ---------------

OS: Windows 7 Build 7600 

CPU:total 2 (2 cores per cpu, 1 threads per core) family 6 model 15 stepping 13, cmov, cx8, fxsr, mmx, sse, sse2, sse3, ssse3

Memory: 4k page, physical 2096440k(411856k free), swap 4192880k(1810480k free)

vm_info: Java HotSpot(TM) Client VM (17.0-b17) for windows-x86 JRE (1.6.0_21-b07), built on Jul 17 2010 01:10:15 by "java_re" with MS VC++ 7.1 (VS2003)

time: Sun Nov 03 11:30:57 2013
elapsed time: 0 seconds

